CRITICAL - 2022-02-27 05:35:57 --> Class 'app\Controllers\BaseController' not found
#0 C:\xampp\htdocs\codeigniter_p1\vendor\codeigniter4\framework\system\Router\Router.php(518): include_once()
#1 C:\xampp\htdocs\codeigniter_p1\vendor\codeigniter4\framework\system\Router\Router.php(175): CodeIgniter\Router\Router->autoRoute('auth/register')
#2 C:\xampp\htdocs\codeigniter_p1\vendor\codeigniter4\framework\system\CodeIgniter.php(719): CodeIgniter\Router\Router->handle('auth/register')
#3 C:\xampp\htdocs\codeigniter_p1\vendor\codeigniter4\framework\system\CodeIgniter.php(361): CodeIgniter\CodeIgniter->tryToRouteIt(Object(CodeIgniter\Router\RouteCollection))
#4 C:\xampp\htdocs\codeigniter_p1\vendor\codeigniter4\framework\system\CodeIgniter.php(320): CodeIgniter\CodeIgniter->handleRequest(NULL, Object(Config\Cache), false)
#5 C:\xampp\htdocs\codeigniter_p1\public\index.php(37): CodeIgniter\CodeIgniter->run()
#6 C:\xampp\htdocs\codeigniter_p1\vendor\codeigniter4\framework\system\Commands\Server\rewrite.php(43): require_once('C:\\xampp\\htdocs...')
#7 {main}
CRITICAL - 2022-02-27 05:36:00 --> Class 'app\Controllers\BaseController' not found
#0 C:\xampp\htdocs\codeigniter_p1\vendor\codeigniter4\framework\system\Router\Router.php(518): include_once()
#1 C:\xampp\htdocs\codeigniter_p1\vendor\codeigniter4\framework\system\Router\Router.php(175): CodeIgniter\Router\Router->autoRoute('auth/register')
#2 C:\xampp\htdocs\codeigniter_p1\vendor\codeigniter4\framework\system\CodeIgniter.php(719): CodeIgniter\Router\Router->handle('auth/register')
#3 C:\xampp\htdocs\codeigniter_p1\vendor\codeigniter4\framework\system\CodeIgniter.php(361): CodeIgniter\CodeIgniter->tryToRouteIt(Object(CodeIgniter\Router\RouteCollection))
#4 C:\xampp\htdocs\codeigniter_p1\vendor\codeigniter4\framework\system\CodeIgniter.php(320): CodeIgniter\CodeIgniter->handleRequest(NULL, Object(Config\Cache), false)
#5 C:\xampp\htdocs\codeigniter_p1\public\index.php(37): CodeIgniter\CodeIgniter->run()
#6 C:\xampp\htdocs\codeigniter_p1\vendor\codeigniter4\framework\system\Commands\Server\rewrite.php(43): require_once('C:\\xampp\\htdocs...')
#7 {main}
CRITICAL - 2022-02-27 05:36:01 --> Class 'app\Controllers\BaseController' not found
#0 C:\xampp\htdocs\codeigniter_p1\vendor\codeigniter4\framework\system\Router\Router.php(518): include_once()
#1 C:\xampp\htdocs\codeigniter_p1\vendor\codeigniter4\framework\system\Router\Router.php(175): CodeIgniter\Router\Router->autoRoute('auth/register')
#2 C:\xampp\htdocs\codeigniter_p1\vendor\codeigniter4\framework\system\CodeIgniter.php(719): CodeIgniter\Router\Router->handle('auth/register')
#3 C:\xampp\htdocs\codeigniter_p1\vendor\codeigniter4\framework\system\CodeIgniter.php(361): CodeIgniter\CodeIgniter->tryToRouteIt(Object(CodeIgniter\Router\RouteCollection))
#4 C:\xampp\htdocs\codeigniter_p1\vendor\codeigniter4\framework\system\CodeIgniter.php(320): CodeIgniter\CodeIgniter->handleRequest(NULL, Object(Config\Cache), false)
#5 C:\xampp\htdocs\codeigniter_p1\public\index.php(37): CodeIgniter\CodeIgniter->run()
#6 C:\xampp\htdocs\codeigniter_p1\vendor\codeigniter4\framework\system\Commands\Server\rewrite.php(43): require_once('C:\\xampp\\htdocs...')
#7 {main}
CRITICAL - 2022-02-27 05:36:13 --> Class 'app\Controllers\BaseController' not found
#0 C:\xampp\htdocs\codeigniter_p1\vendor\codeigniter4\framework\system\Router\Router.php(518): include_once()
#1 C:\xampp\htdocs\codeigniter_p1\vendor\codeigniter4\framework\system\Router\Router.php(175): CodeIgniter\Router\Router->autoRoute('auth')
#2 C:\xampp\htdocs\codeigniter_p1\vendor\codeigniter4\framework\system\CodeIgniter.php(719): CodeIgniter\Router\Router->handle('auth')
#3 C:\xampp\htdocs\codeigniter_p1\vendor\codeigniter4\framework\system\CodeIgniter.php(361): CodeIgniter\CodeIgniter->tryToRouteIt(Object(CodeIgniter\Router\RouteCollection))
#4 C:\xampp\htdocs\codeigniter_p1\vendor\codeigniter4\framework\system\CodeIgniter.php(320): CodeIgniter\CodeIgniter->handleRequest(NULL, Object(Config\Cache), false)
#5 C:\xampp\htdocs\codeigniter_p1\public\index.php(37): CodeIgniter\CodeIgniter->run()
#6 C:\xampp\htdocs\codeigniter_p1\vendor\codeigniter4\framework\system\Commands\Server\rewrite.php(43): require_once('C:\\xampp\\htdocs...')
#7 {main}
CRITICAL - 2022-02-27 05:36:39 --> Class 'app\Controllers\BaseController' not found
#0 C:\xampp\htdocs\codeigniter_p1\vendor\codeigniter4\framework\system\Router\Router.php(518): include_once()
#1 C:\xampp\htdocs\codeigniter_p1\vendor\codeigniter4\framework\system\Router\Router.php(175): CodeIgniter\Router\Router->autoRoute('auth/')
#2 C:\xampp\htdocs\codeigniter_p1\vendor\codeigniter4\framework\system\CodeIgniter.php(719): CodeIgniter\Router\Router->handle('auth/')
#3 C:\xampp\htdocs\codeigniter_p1\vendor\codeigniter4\framework\system\CodeIgniter.php(361): CodeIgniter\CodeIgniter->tryToRouteIt(Object(CodeIgniter\Router\RouteCollection))
#4 C:\xampp\htdocs\codeigniter_p1\vendor\codeigniter4\framework\system\CodeIgniter.php(320): CodeIgniter\CodeIgniter->handleRequest(NULL, Object(Config\Cache), false)
#5 C:\xampp\htdocs\codeigniter_p1\public\index.php(37): CodeIgniter\CodeIgniter->run()
#6 C:\xampp\htdocs\codeigniter_p1\vendor\codeigniter4\framework\system\Commands\Server\rewrite.php(43): require_once('C:\\xampp\\htdocs...')
#7 {main}
CRITICAL - 2022-02-27 05:48:17 --> Call to undefined function display_error()
#0 C:\xampp\htdocs\codeigniter_p1\vendor\codeigniter4\framework\system\View\View.php(210): include()
#1 C:\xampp\htdocs\codeigniter_p1\vendor\codeigniter4\framework\system\View\View.php(213): CodeIgniter\View\View->CodeIgniter\View\{closure}()
#2 C:\xampp\htdocs\codeigniter_p1\vendor\codeigniter4\framework\system\Common.php(1089): CodeIgniter\View\View->render('auth/register', Array, true)
#3 C:\xampp\htdocs\codeigniter_p1\app\Controllers\Auth.php(36): view('auth/register', Array)
#4 C:\xampp\htdocs\codeigniter_p1\vendor\codeigniter4\framework\system\CodeIgniter.php(825): App\Controllers\Auth->save()
#5 C:\xampp\htdocs\codeigniter_p1\vendor\codeigniter4\framework\system\CodeIgniter.php(412): CodeIgniter\CodeIgniter->runController(Object(App\Controllers\Auth))
#6 C:\xampp\htdocs\codeigniter_p1\vendor\codeigniter4\framework\system\CodeIgniter.php(320): CodeIgniter\CodeIgniter->handleRequest(NULL, Object(Config\Cache), false)
#7 C:\xampp\htdocs\codeigniter_p1\public\index.php(37): CodeIgniter\CodeIgniter->run()
#8 C:\xampp\htdocs\codeigniter_p1\vendor\codeigniter4\framework\system\Commands\Server\rewrite.php(43): require_once('C:\\xampp\\htdocs...')
#9 {main}
CRITICAL - 2022-02-27 05:48:24 --> Call to undefined function display_error()
#0 C:\xampp\htdocs\codeigniter_p1\vendor\codeigniter4\framework\system\View\View.php(210): include()
#1 C:\xampp\htdocs\codeigniter_p1\vendor\codeigniter4\framework\system\View\View.php(213): CodeIgniter\View\View->CodeIgniter\View\{closure}()
#2 C:\xampp\htdocs\codeigniter_p1\vendor\codeigniter4\framework\system\Common.php(1089): CodeIgniter\View\View->render('auth/register', Array, true)
#3 C:\xampp\htdocs\codeigniter_p1\app\Controllers\Auth.php(36): view('auth/register', Array)
#4 C:\xampp\htdocs\codeigniter_p1\vendor\codeigniter4\framework\system\CodeIgniter.php(825): App\Controllers\Auth->save()
#5 C:\xampp\htdocs\codeigniter_p1\vendor\codeigniter4\framework\system\CodeIgniter.php(412): CodeIgniter\CodeIgniter->runController(Object(App\Controllers\Auth))
#6 C:\xampp\htdocs\codeigniter_p1\vendor\codeigniter4\framework\system\CodeIgniter.php(320): CodeIgniter\CodeIgniter->handleRequest(NULL, Object(Config\Cache), false)
#7 C:\xampp\htdocs\codeigniter_p1\public\index.php(37): CodeIgniter\CodeIgniter->run()
#8 C:\xampp\htdocs\codeigniter_p1\vendor\codeigniter4\framework\system\Commands\Server\rewrite.php(43): require_once('C:\\xampp\\htdocs...')
#9 {main}
CRITICAL - 2022-02-27 05:48:39 --> Call to undefined function display_error()
#0 C:\xampp\htdocs\codeigniter_p1\vendor\codeigniter4\framework\system\View\View.php(210): include()
#1 C:\xampp\htdocs\codeigniter_p1\vendor\codeigniter4\framework\system\View\View.php(213): CodeIgniter\View\View->CodeIgniter\View\{closure}()
#2 C:\xampp\htdocs\codeigniter_p1\vendor\codeigniter4\framework\system\Common.php(1089): CodeIgniter\View\View->render('auth/register', Array, true)
#3 C:\xampp\htdocs\codeigniter_p1\app\Controllers\Auth.php(36): view('auth/register', Array)
#4 C:\xampp\htdocs\codeigniter_p1\vendor\codeigniter4\framework\system\CodeIgniter.php(825): App\Controllers\Auth->save()
#5 C:\xampp\htdocs\codeigniter_p1\vendor\codeigniter4\framework\system\CodeIgniter.php(412): CodeIgniter\CodeIgniter->runController(Object(App\Controllers\Auth))
#6 C:\xampp\htdocs\codeigniter_p1\vendor\codeigniter4\framework\system\CodeIgniter.php(320): CodeIgniter\CodeIgniter->handleRequest(NULL, Object(Config\Cache), false)
#7 C:\xampp\htdocs\codeigniter_p1\public\index.php(37): CodeIgniter\CodeIgniter->run()
#8 C:\xampp\htdocs\codeigniter_p1\vendor\codeigniter4\framework\system\Commands\Server\rewrite.php(43): require_once('C:\\xampp\\htdocs...')
#9 {main}
CRITICAL - 2022-02-27 05:53:27 --> Call to undefined function display_error()
#0 C:\xampp\htdocs\codeigniter_p1\vendor\codeigniter4\framework\system\View\View.php(210): include()
#1 C:\xampp\htdocs\codeigniter_p1\vendor\codeigniter4\framework\system\View\View.php(213): CodeIgniter\View\View->CodeIgniter\View\{closure}()
#2 C:\xampp\htdocs\codeigniter_p1\vendor\codeigniter4\framework\system\Common.php(1089): CodeIgniter\View\View->render('auth/register', Array, true)
#3 C:\xampp\htdocs\codeigniter_p1\app\Controllers\Auth.php(36): view('auth/register', Array)
#4 C:\xampp\htdocs\codeigniter_p1\vendor\codeigniter4\framework\system\CodeIgniter.php(825): App\Controllers\Auth->save()
#5 C:\xampp\htdocs\codeigniter_p1\vendor\codeigniter4\framework\system\CodeIgniter.php(412): CodeIgniter\CodeIgniter->runController(Object(App\Controllers\Auth))
#6 C:\xampp\htdocs\codeigniter_p1\vendor\codeigniter4\framework\system\CodeIgniter.php(320): CodeIgniter\CodeIgniter->handleRequest(NULL, Object(Config\Cache), false)
#7 C:\xampp\htdocs\codeigniter_p1\public\index.php(37): CodeIgniter\CodeIgniter->run()
#8 C:\xampp\htdocs\codeigniter_p1\vendor\codeigniter4\framework\system\Commands\Server\rewrite.php(43): require_once('C:\\xampp\\htdocs...')
#9 {main}
CRITICAL - 2022-02-27 05:55:48 --> Call to undefined function display_error()
#0 C:\xampp\htdocs\codeigniter_p1\vendor\codeigniter4\framework\system\View\View.php(210): include()
#1 C:\xampp\htdocs\codeigniter_p1\vendor\codeigniter4\framework\system\View\View.php(213): CodeIgniter\View\View->CodeIgniter\View\{closure}()
#2 C:\xampp\htdocs\codeigniter_p1\vendor\codeigniter4\framework\system\Common.php(1089): CodeIgniter\View\View->render('auth/register', Array, true)
#3 C:\xampp\htdocs\codeigniter_p1\app\Controllers\Auth.php(36): view('auth/register', Array)
#4 C:\xampp\htdocs\codeigniter_p1\vendor\codeigniter4\framework\system\CodeIgniter.php(825): App\Controllers\Auth->save()
#5 C:\xampp\htdocs\codeigniter_p1\vendor\codeigniter4\framework\system\CodeIgniter.php(412): CodeIgniter\CodeIgniter->runController(Object(App\Controllers\Auth))
#6 C:\xampp\htdocs\codeigniter_p1\vendor\codeigniter4\framework\system\CodeIgniter.php(320): CodeIgniter\CodeIgniter->handleRequest(NULL, Object(Config\Cache), false)
#7 C:\xampp\htdocs\codeigniter_p1\public\index.php(37): CodeIgniter\CodeIgniter->run()
#8 C:\xampp\htdocs\codeigniter_p1\vendor\codeigniter4\framework\system\Commands\Server\rewrite.php(43): require_once('C:\\xampp\\htdocs...')
#9 {main}
CRITICAL - 2022-02-27 05:57:38 --> Call to undefined function display_error()
#0 C:\xampp\htdocs\codeigniter_p1\vendor\codeigniter4\framework\system\View\View.php(210): include()
#1 C:\xampp\htdocs\codeigniter_p1\vendor\codeigniter4\framework\system\View\View.php(213): CodeIgniter\View\View->CodeIgniter\View\{closure}()
#2 C:\xampp\htdocs\codeigniter_p1\vendor\codeigniter4\framework\system\Common.php(1089): CodeIgniter\View\View->render('auth/register', Array, true)
#3 C:\xampp\htdocs\codeigniter_p1\app\Controllers\Auth.php(36): view('auth/register', Array)
#4 C:\xampp\htdocs\codeigniter_p1\vendor\codeigniter4\framework\system\CodeIgniter.php(825): App\Controllers\Auth->save()
#5 C:\xampp\htdocs\codeigniter_p1\vendor\codeigniter4\framework\system\CodeIgniter.php(412): CodeIgniter\CodeIgniter->runController(Object(App\Controllers\Auth))
#6 C:\xampp\htdocs\codeigniter_p1\vendor\codeigniter4\framework\system\CodeIgniter.php(320): CodeIgniter\CodeIgniter->handleRequest(NULL, Object(Config\Cache), false)
#7 C:\xampp\htdocs\codeigniter_p1\public\index.php(37): CodeIgniter\CodeIgniter->run()
#8 C:\xampp\htdocs\codeigniter_p1\vendor\codeigniter4\framework\system\Commands\Server\rewrite.php(43): require_once('C:\\xampp\\htdocs...')
#9 {main}
CRITICAL - 2022-02-27 05:57:45 --> Call to undefined function display_error()
#0 C:\xampp\htdocs\codeigniter_p1\vendor\codeigniter4\framework\system\View\View.php(210): include()
#1 C:\xampp\htdocs\codeigniter_p1\vendor\codeigniter4\framework\system\View\View.php(213): CodeIgniter\View\View->CodeIgniter\View\{closure}()
#2 C:\xampp\htdocs\codeigniter_p1\vendor\codeigniter4\framework\system\Common.php(1089): CodeIgniter\View\View->render('auth/register', Array, true)
#3 C:\xampp\htdocs\codeigniter_p1\app\Controllers\Auth.php(36): view('auth/register', Array)
#4 C:\xampp\htdocs\codeigniter_p1\vendor\codeigniter4\framework\system\CodeIgniter.php(825): App\Controllers\Auth->save()
#5 C:\xampp\htdocs\codeigniter_p1\vendor\codeigniter4\framework\system\CodeIgniter.php(412): CodeIgniter\CodeIgniter->runController(Object(App\Controllers\Auth))
#6 C:\xampp\htdocs\codeigniter_p1\vendor\codeigniter4\framework\system\CodeIgniter.php(320): CodeIgniter\CodeIgniter->handleRequest(NULL, Object(Config\Cache), false)
#7 C:\xampp\htdocs\codeigniter_p1\public\index.php(37): CodeIgniter\CodeIgniter->run()
#8 C:\xampp\htdocs\codeigniter_p1\vendor\codeigniter4\framework\system\Commands\Server\rewrite.php(43): require_once('C:\\xampp\\htdocs...')
#9 {main}
CRITICAL - 2022-02-27 05:59:28 --> Call to undefined function display_error()
#0 C:\xampp\htdocs\codeigniter_p1\vendor\codeigniter4\framework\system\View\View.php(210): include()
#1 C:\xampp\htdocs\codeigniter_p1\vendor\codeigniter4\framework\system\View\View.php(213): CodeIgniter\View\View->CodeIgniter\View\{closure}()
#2 C:\xampp\htdocs\codeigniter_p1\vendor\codeigniter4\framework\system\Common.php(1089): CodeIgniter\View\View->render('auth/register', Array, true)
#3 C:\xampp\htdocs\codeigniter_p1\app\Controllers\Auth.php(38): view('auth/register', Array)
#4 C:\xampp\htdocs\codeigniter_p1\vendor\codeigniter4\framework\system\CodeIgniter.php(825): App\Controllers\Auth->save()
#5 C:\xampp\htdocs\codeigniter_p1\vendor\codeigniter4\framework\system\CodeIgniter.php(412): CodeIgniter\CodeIgniter->runController(Object(App\Controllers\Auth))
#6 C:\xampp\htdocs\codeigniter_p1\vendor\codeigniter4\framework\system\CodeIgniter.php(320): CodeIgniter\CodeIgniter->handleRequest(NULL, Object(Config\Cache), false)
#7 C:\xampp\htdocs\codeigniter_p1\public\index.php(37): CodeIgniter\CodeIgniter->run()
#8 C:\xampp\htdocs\codeigniter_p1\vendor\codeigniter4\framework\system\Commands\Server\rewrite.php(43): require_once('C:\\xampp\\htdocs...')
#9 {main}
CRITICAL - 2022-02-27 05:59:35 --> Call to undefined function display_error()
#0 C:\xampp\htdocs\codeigniter_p1\vendor\codeigniter4\framework\system\View\View.php(210): include()
#1 C:\xampp\htdocs\codeigniter_p1\vendor\codeigniter4\framework\system\View\View.php(213): CodeIgniter\View\View->CodeIgniter\View\{closure}()
#2 C:\xampp\htdocs\codeigniter_p1\vendor\codeigniter4\framework\system\Common.php(1089): CodeIgniter\View\View->render('auth/register', Array, true)
#3 C:\xampp\htdocs\codeigniter_p1\app\Controllers\Auth.php(38): view('auth/register', Array)
#4 C:\xampp\htdocs\codeigniter_p1\vendor\codeigniter4\framework\system\CodeIgniter.php(825): App\Controllers\Auth->save()
#5 C:\xampp\htdocs\codeigniter_p1\vendor\codeigniter4\framework\system\CodeIgniter.php(412): CodeIgniter\CodeIgniter->runController(Object(App\Controllers\Auth))
#6 C:\xampp\htdocs\codeigniter_p1\vendor\codeigniter4\framework\system\CodeIgniter.php(320): CodeIgniter\CodeIgniter->handleRequest(NULL, Object(Config\Cache), false)
#7 C:\xampp\htdocs\codeigniter_p1\public\index.php(37): CodeIgniter\CodeIgniter->run()
#8 C:\xampp\htdocs\codeigniter_p1\vendor\codeigniter4\framework\system\Commands\Server\rewrite.php(43): require_once('C:\\xampp\\htdocs...')
#9 {main}
CRITICAL - 2022-02-27 06:01:26 --> Call to undefined function display_error()
#0 C:\xampp\htdocs\codeigniter_p1\vendor\codeigniter4\framework\system\View\View.php(210): include()
#1 C:\xampp\htdocs\codeigniter_p1\vendor\codeigniter4\framework\system\View\View.php(213): CodeIgniter\View\View->CodeIgniter\View\{closure}()
#2 C:\xampp\htdocs\codeigniter_p1\vendor\codeigniter4\framework\system\Common.php(1089): CodeIgniter\View\View->render('auth/register', Array, true)
#3 C:\xampp\htdocs\codeigniter_p1\app\Controllers\Auth.php(38): view('auth/register', Array)
#4 C:\xampp\htdocs\codeigniter_p1\vendor\codeigniter4\framework\system\CodeIgniter.php(825): App\Controllers\Auth->save()
#5 C:\xampp\htdocs\codeigniter_p1\vendor\codeigniter4\framework\system\CodeIgniter.php(412): CodeIgniter\CodeIgniter->runController(Object(App\Controllers\Auth))
#6 C:\xampp\htdocs\codeigniter_p1\vendor\codeigniter4\framework\system\CodeIgniter.php(320): CodeIgniter\CodeIgniter->handleRequest(NULL, Object(Config\Cache), false)
#7 C:\xampp\htdocs\codeigniter_p1\public\index.php(37): CodeIgniter\CodeIgniter->run()
#8 C:\xampp\htdocs\codeigniter_p1\vendor\codeigniter4\framework\system\Commands\Server\rewrite.php(43): require_once('C:\\xampp\\htdocs...')
#9 {main}
CRITICAL - 2022-02-27 06:02:28 --> Call to undefined function display_error()
#0 C:\xampp\htdocs\codeigniter_p1\vendor\codeigniter4\framework\system\View\View.php(210): include()
#1 C:\xampp\htdocs\codeigniter_p1\vendor\codeigniter4\framework\system\View\View.php(213): CodeIgniter\View\View->CodeIgniter\View\{closure}()
#2 C:\xampp\htdocs\codeigniter_p1\vendor\codeigniter4\framework\system\Common.php(1089): CodeIgniter\View\View->render('auth/register', Array, true)
#3 C:\xampp\htdocs\codeigniter_p1\app\Controllers\Auth.php(38): view('auth/register', Array)
#4 C:\xampp\htdocs\codeigniter_p1\vendor\codeigniter4\framework\system\CodeIgniter.php(825): App\Controllers\Auth->save()
#5 C:\xampp\htdocs\codeigniter_p1\vendor\codeigniter4\framework\system\CodeIgniter.php(412): CodeIgniter\CodeIgniter->runController(Object(App\Controllers\Auth))
#6 C:\xampp\htdocs\codeigniter_p1\vendor\codeigniter4\framework\system\CodeIgniter.php(320): CodeIgniter\CodeIgniter->handleRequest(NULL, Object(Config\Cache), false)
#7 C:\xampp\htdocs\codeigniter_p1\public\index.php(37): CodeIgniter\CodeIgniter->run()
#8 C:\xampp\htdocs\codeigniter_p1\vendor\codeigniter4\framework\system\Commands\Server\rewrite.php(43): require_once('C:\\xampp\\htdocs...')
#9 {main}
CRITICAL - 2022-02-27 06:02:32 --> Call to undefined function display_error()
#0 C:\xampp\htdocs\codeigniter_p1\vendor\codeigniter4\framework\system\View\View.php(210): include()
#1 C:\xampp\htdocs\codeigniter_p1\vendor\codeigniter4\framework\system\View\View.php(213): CodeIgniter\View\View->CodeIgniter\View\{closure}()
#2 C:\xampp\htdocs\codeigniter_p1\vendor\codeigniter4\framework\system\Common.php(1089): CodeIgniter\View\View->render('auth/register', Array, true)
#3 C:\xampp\htdocs\codeigniter_p1\app\Controllers\Auth.php(38): view('auth/register', Array)
#4 C:\xampp\htdocs\codeigniter_p1\vendor\codeigniter4\framework\system\CodeIgniter.php(825): App\Controllers\Auth->save()
#5 C:\xampp\htdocs\codeigniter_p1\vendor\codeigniter4\framework\system\CodeIgniter.php(412): CodeIgniter\CodeIgniter->runController(Object(App\Controllers\Auth))
#6 C:\xampp\htdocs\codeigniter_p1\vendor\codeigniter4\framework\system\CodeIgniter.php(320): CodeIgniter\CodeIgniter->handleRequest(NULL, Object(Config\Cache), false)
#7 C:\xampp\htdocs\codeigniter_p1\public\index.php(37): CodeIgniter\CodeIgniter->run()
#8 C:\xampp\htdocs\codeigniter_p1\vendor\codeigniter4\framework\system\Commands\Server\rewrite.php(43): require_once('C:\\xampp\\htdocs...')
#9 {main}
CRITICAL - 2022-02-27 07:19:52 --> syntax error, unexpected '}', expecting ',' or ';'
#0 C:\xampp\htdocs\codeigniter_p1\vendor\codeigniter4\framework\system\Router\Router.php(175): CodeIgniter\Router\Router->autoRoute('auth/')
#1 C:\xampp\htdocs\codeigniter_p1\vendor\codeigniter4\framework\system\CodeIgniter.php(719): CodeIgniter\Router\Router->handle('auth/')
#2 C:\xampp\htdocs\codeigniter_p1\vendor\codeigniter4\framework\system\CodeIgniter.php(361): CodeIgniter\CodeIgniter->tryToRouteIt(Object(CodeIgniter\Router\RouteCollection))
#3 C:\xampp\htdocs\codeigniter_p1\vendor\codeigniter4\framework\system\CodeIgniter.php(320): CodeIgniter\CodeIgniter->handleRequest(NULL, Object(Config\Cache), false)
#4 C:\xampp\htdocs\codeigniter_p1\public\index.php(37): CodeIgniter\CodeIgniter->run()
#5 C:\xampp\htdocs\codeigniter_p1\vendor\codeigniter4\framework\system\Commands\Server\rewrite.php(43): require_once('C:\\xampp\\htdocs...')
#6 {main}
CRITICAL - 2022-02-27 07:20:03 --> syntax error, unexpected '}', expecting ',' or ';'
#0 C:\xampp\htdocs\codeigniter_p1\vendor\codeigniter4\framework\system\Router\Router.php(175): CodeIgniter\Router\Router->autoRoute('auth/register')
#1 C:\xampp\htdocs\codeigniter_p1\vendor\codeigniter4\framework\system\CodeIgniter.php(719): CodeIgniter\Router\Router->handle('auth/register')
#2 C:\xampp\htdocs\codeigniter_p1\vendor\codeigniter4\framework\system\CodeIgniter.php(361): CodeIgniter\CodeIgniter->tryToRouteIt(Object(CodeIgniter\Router\RouteCollection))
#3 C:\xampp\htdocs\codeigniter_p1\vendor\codeigniter4\framework\system\CodeIgniter.php(320): CodeIgniter\CodeIgniter->handleRequest(NULL, Object(Config\Cache), false)
#4 C:\xampp\htdocs\codeigniter_p1\public\index.php(37): CodeIgniter\CodeIgniter->run()
#5 C:\xampp\htdocs\codeigniter_p1\vendor\codeigniter4\framework\system\Commands\Server\rewrite.php(43): require_once('C:\\xampp\\htdocs...')
#6 {main}
CRITICAL - 2022-02-27 09:41:44 --> Invalid file: LOGGED IN.php
#0 C:\xampp\htdocs\codeigniter_p1\vendor\codeigniter4\framework\system\View\View.php(198): CodeIgniter\Exceptions\FrameworkException::forInvalidFile('LOGGED IN.php')
#1 C:\xampp\htdocs\codeigniter_p1\vendor\codeigniter4\framework\system\Common.php(1089): CodeIgniter\View\View->render('LOGGED IN', Array, true)
#2 C:\xampp\htdocs\codeigniter_p1\app\Controllers\Dashboard.php(9): view('LOGGED IN')
#3 C:\xampp\htdocs\codeigniter_p1\vendor\codeigniter4\framework\system\CodeIgniter.php(825): App\Controllers\Dashboard->index()
#4 C:\xampp\htdocs\codeigniter_p1\vendor\codeigniter4\framework\system\CodeIgniter.php(412): CodeIgniter\CodeIgniter->runController(Object(App\Controllers\Dashboard))
#5 C:\xampp\htdocs\codeigniter_p1\vendor\codeigniter4\framework\system\CodeIgniter.php(320): CodeIgniter\CodeIgniter->handleRequest(NULL, Object(Config\Cache), false)
#6 C:\xampp\htdocs\codeigniter_p1\public\index.php(37): CodeIgniter\CodeIgniter->run()
#7 C:\xampp\htdocs\codeigniter_p1\vendor\codeigniter4\framework\system\Commands\Server\rewrite.php(43): require_once('C:\\xampp\\htdocs...')
#8 {main}
CRITICAL - 2022-02-27 09:44:35 --> Invalid file: dashboard/index.php
#0 C:\xampp\htdocs\codeigniter_p1\vendor\codeigniter4\framework\system\View\View.php(198): CodeIgniter\Exceptions\FrameworkException::forInvalidFile('dashboard/index...')
#1 C:\xampp\htdocs\codeigniter_p1\vendor\codeigniter4\framework\system\Common.php(1089): CodeIgniter\View\View->render('dashboard/index', Array, true)
#2 C:\xampp\htdocs\codeigniter_p1\app\Controllers\Dashboard.php(9): view('dashboard/index')
#3 C:\xampp\htdocs\codeigniter_p1\vendor\codeigniter4\framework\system\CodeIgniter.php(825): App\Controllers\Dashboard->index()
#4 C:\xampp\htdocs\codeigniter_p1\vendor\codeigniter4\framework\system\CodeIgniter.php(412): CodeIgniter\CodeIgniter->runController(Object(App\Controllers\Dashboard))
#5 C:\xampp\htdocs\codeigniter_p1\vendor\codeigniter4\framework\system\CodeIgniter.php(320): CodeIgniter\CodeIgniter->handleRequest(NULL, Object(Config\Cache), false)
#6 C:\xampp\htdocs\codeigniter_p1\public\index.php(37): CodeIgniter\CodeIgniter->run()
#7 C:\xampp\htdocs\codeigniter_p1\vendor\codeigniter4\framework\system\Commands\Server\rewrite.php(43): require_once('C:\\xampp\\htdocs...')
#8 {main}
CRITICAL - 2022-02-27 10:03:03 --> Undefined variable: userInfo
#0 C:\xampp\htdocs\codeigniter_p1\app\Views\dashboard\index.php(28): CodeIgniter\Debug\Exceptions->errorHandler(8, 'Undefined varia...', 'C:\\xampp\\htdocs...', 28, Array)
#1 C:\xampp\htdocs\codeigniter_p1\vendor\codeigniter4\framework\system\View\View.php(210): include('C:\\xampp\\htdocs...')
#2 C:\xampp\htdocs\codeigniter_p1\vendor\codeigniter4\framework\system\View\View.php(213): CodeIgniter\View\View->CodeIgniter\View\{closure}()
#3 C:\xampp\htdocs\codeigniter_p1\vendor\codeigniter4\framework\system\Common.php(1089): CodeIgniter\View\View->render('dashboard/index', Array, true)
#4 C:\xampp\htdocs\codeigniter_p1\app\Controllers\Dashboard.php(24): view('dashboard/index')
#5 C:\xampp\htdocs\codeigniter_p1\vendor\codeigniter4\framework\system\CodeIgniter.php(825): App\Controllers\Dashboard->index()
#6 C:\xampp\htdocs\codeigniter_p1\vendor\codeigniter4\framework\system\CodeIgniter.php(412): CodeIgniter\CodeIgniter->runController(Object(App\Controllers\Dashboard))
#7 C:\xampp\htdocs\codeigniter_p1\vendor\codeigniter4\framework\system\CodeIgniter.php(320): CodeIgniter\CodeIgniter->handleRequest(NULL, Object(Config\Cache), false)
#8 C:\xampp\htdocs\codeigniter_p1\public\index.php(37): CodeIgniter\CodeIgniter->run()
#9 C:\xampp\htdocs\codeigniter_p1\vendor\codeigniter4\framework\system\Commands\Server\rewrite.php(43): require_once('C:\\xampp\\htdocs...')
#10 {main}
CRITICAL - 2022-02-27 10:16:33 --> Undefined index: name
#0 C:\xampp\htdocs\codeigniter_p1\app\Views\dashboard\index.php(28): CodeIgniter\Debug\Exceptions->errorHandler(8, 'Undefined index...', 'C:\\xampp\\htdocs...', 28, Array)
#1 C:\xampp\htdocs\codeigniter_p1\vendor\codeigniter4\framework\system\View\View.php(210): include('C:\\xampp\\htdocs...')
#2 C:\xampp\htdocs\codeigniter_p1\vendor\codeigniter4\framework\system\View\View.php(213): CodeIgniter\View\View->CodeIgniter\View\{closure}()
#3 C:\xampp\htdocs\codeigniter_p1\vendor\codeigniter4\framework\system\Common.php(1089): CodeIgniter\View\View->render('dashboard/index', Array, true)
#4 C:\xampp\htdocs\codeigniter_p1\app\Controllers\Dashboard.php(24): view('dashboard/index', Array)
#5 C:\xampp\htdocs\codeigniter_p1\vendor\codeigniter4\framework\system\CodeIgniter.php(825): App\Controllers\Dashboard->index()
#6 C:\xampp\htdocs\codeigniter_p1\vendor\codeigniter4\framework\system\CodeIgniter.php(412): CodeIgniter\CodeIgniter->runController(Object(App\Controllers\Dashboard))
#7 C:\xampp\htdocs\codeigniter_p1\vendor\codeigniter4\framework\system\CodeIgniter.php(320): CodeIgniter\CodeIgniter->handleRequest(NULL, Object(Config\Cache), false)
#8 C:\xampp\htdocs\codeigniter_p1\public\index.php(37): CodeIgniter\CodeIgniter->run()
#9 C:\xampp\htdocs\codeigniter_p1\vendor\codeigniter4\framework\system\Commands\Server\rewrite.php(43): require_once('C:\\xampp\\htdocs...')
#10 {main}
CRITICAL - 2022-02-27 10:19:44 --> Undefined index: name
#0 C:\xampp\htdocs\codeigniter_p1\app\Views\dashboard\index.php(28): CodeIgniter\Debug\Exceptions->errorHandler(8, 'Undefined index...', 'C:\\xampp\\htdocs...', 28, Array)
#1 C:\xampp\htdocs\codeigniter_p1\vendor\codeigniter4\framework\system\View\View.php(210): include('C:\\xampp\\htdocs...')
#2 C:\xampp\htdocs\codeigniter_p1\vendor\codeigniter4\framework\system\View\View.php(213): CodeIgniter\View\View->CodeIgniter\View\{closure}()
#3 C:\xampp\htdocs\codeigniter_p1\vendor\codeigniter4\framework\system\Common.php(1089): CodeIgniter\View\View->render('dashboard/index', Array, true)
#4 C:\xampp\htdocs\codeigniter_p1\app\Controllers\Dashboard.php(24): view('dashboard/index', Array)
#5 C:\xampp\htdocs\codeigniter_p1\vendor\codeigniter4\framework\system\CodeIgniter.php(825): App\Controllers\Dashboard->index()
#6 C:\xampp\htdocs\codeigniter_p1\vendor\codeigniter4\framework\system\CodeIgniter.php(412): CodeIgniter\CodeIgniter->runController(Object(App\Controllers\Dashboard))
#7 C:\xampp\htdocs\codeigniter_p1\vendor\codeigniter4\framework\system\CodeIgniter.php(320): CodeIgniter\CodeIgniter->handleRequest(NULL, Object(Config\Cache), false)
#8 C:\xampp\htdocs\codeigniter_p1\public\index.php(37): CodeIgniter\CodeIgniter->run()
#9 C:\xampp\htdocs\codeigniter_p1\vendor\codeigniter4\framework\system\Commands\Server\rewrite.php(43): require_once('C:\\xampp\\htdocs...')
#10 {main}
CRITICAL - 2022-02-27 10:35:28 --> syntax error, unexpected 'if' (T_IF)
#0 C:\xampp\htdocs\codeigniter_p1\vendor\codeigniter4\framework\system\CodeIgniter.php(361): CodeIgniter\CodeIgniter->tryToRouteIt(NULL)
#1 C:\xampp\htdocs\codeigniter_p1\vendor\codeigniter4\framework\system\CodeIgniter.php(320): CodeIgniter\CodeIgniter->handleRequest(NULL, Object(Config\Cache), false)
#2 C:\xampp\htdocs\codeigniter_p1\public\index.php(37): CodeIgniter\CodeIgniter->run()
#3 C:\xampp\htdocs\codeigniter_p1\vendor\codeigniter4\framework\system\Commands\Server\rewrite.php(43): require_once('C:\\xampp\\htdocs...')
#4 {main}
CRITICAL - 2022-02-27 10:35:29 --> syntax error, unexpected 'if' (T_IF)
#0 C:\xampp\htdocs\codeigniter_p1\vendor\codeigniter4\framework\system\CodeIgniter.php(361): CodeIgniter\CodeIgniter->tryToRouteIt(NULL)
#1 C:\xampp\htdocs\codeigniter_p1\vendor\codeigniter4\framework\system\CodeIgniter.php(320): CodeIgniter\CodeIgniter->handleRequest(NULL, Object(Config\Cache), false)
#2 C:\xampp\htdocs\codeigniter_p1\public\index.php(37): CodeIgniter\CodeIgniter->run()
#3 C:\xampp\htdocs\codeigniter_p1\vendor\codeigniter4\framework\system\Commands\Server\rewrite.php(43): require_once('C:\\xampp\\htdocs...')
#4 {main}
CRITICAL - 2022-02-27 10:35:30 --> syntax error, unexpected 'if' (T_IF)
#0 C:\xampp\htdocs\codeigniter_p1\vendor\codeigniter4\framework\system\CodeIgniter.php(361): CodeIgniter\CodeIgniter->tryToRouteIt(NULL)
#1 C:\xampp\htdocs\codeigniter_p1\vendor\codeigniter4\framework\system\CodeIgniter.php(320): CodeIgniter\CodeIgniter->handleRequest(NULL, Object(Config\Cache), false)
#2 C:\xampp\htdocs\codeigniter_p1\public\index.php(37): CodeIgniter\CodeIgniter->run()
#3 C:\xampp\htdocs\codeigniter_p1\vendor\codeigniter4\framework\system\Commands\Server\rewrite.php(43): require_once('C:\\xampp\\htdocs...')
#4 {main}
CRITICAL - 2022-02-27 10:35:31 --> syntax error, unexpected 'if' (T_IF)
#0 C:\xampp\htdocs\codeigniter_p1\vendor\codeigniter4\framework\system\CodeIgniter.php(361): CodeIgniter\CodeIgniter->tryToRouteIt(NULL)
#1 C:\xampp\htdocs\codeigniter_p1\vendor\codeigniter4\framework\system\CodeIgniter.php(320): CodeIgniter\CodeIgniter->handleRequest(NULL, Object(Config\Cache), false)
#2 C:\xampp\htdocs\codeigniter_p1\public\index.php(37): CodeIgniter\CodeIgniter->run()
#3 C:\xampp\htdocs\codeigniter_p1\vendor\codeigniter4\framework\system\Commands\Server\rewrite.php(43): require_once('C:\\xampp\\htdocs...')
#4 {main}
CRITICAL - 2022-02-27 10:35:39 --> syntax error, unexpected 'if' (T_IF)
#0 C:\xampp\htdocs\codeigniter_p1\vendor\codeigniter4\framework\system\CodeIgniter.php(361): CodeIgniter\CodeIgniter->tryToRouteIt(NULL)
#1 C:\xampp\htdocs\codeigniter_p1\vendor\codeigniter4\framework\system\CodeIgniter.php(320): CodeIgniter\CodeIgniter->handleRequest(NULL, Object(Config\Cache), false)
#2 C:\xampp\htdocs\codeigniter_p1\public\index.php(37): CodeIgniter\CodeIgniter->run()
#3 C:\xampp\htdocs\codeigniter_p1\vendor\codeigniter4\framework\system\Commands\Server\rewrite.php(43): require_once('C:\\xampp\\htdocs...')
#4 {main}
CRITICAL - 2022-02-27 10:35:44 --> syntax error, unexpected 'if' (T_IF)
#0 C:\xampp\htdocs\codeigniter_p1\vendor\codeigniter4\framework\system\CodeIgniter.php(361): CodeIgniter\CodeIgniter->tryToRouteIt(NULL)
#1 C:\xampp\htdocs\codeigniter_p1\vendor\codeigniter4\framework\system\CodeIgniter.php(320): CodeIgniter\CodeIgniter->handleRequest(NULL, Object(Config\Cache), false)
#2 C:\xampp\htdocs\codeigniter_p1\public\index.php(37): CodeIgniter\CodeIgniter->run()
#3 C:\xampp\htdocs\codeigniter_p1\vendor\codeigniter4\framework\system\Commands\Server\rewrite.php(43): require_once('C:\\xampp\\htdocs...')
#4 {main}
CRITICAL - 2022-02-27 10:37:26 --> Undefined variable: get
#0 C:\xampp\htdocs\codeigniter_p1\app\Config\Routes.php(38): CodeIgniter\Debug\Exceptions->errorHandler(8, 'Undefined varia...', 'C:\\xampp\\htdocs...', 38, Array)
#1 C:\xampp\htdocs\codeigniter_p1\vendor\codeigniter4\framework\system\Router\RouteCollection.php(607): CodeIgniter\CodeIgniter->Config\{closure}(Object(CodeIgniter\Router\RouteCollection))
#2 C:\xampp\htdocs\codeigniter_p1\app\Config\Routes.php(39): CodeIgniter\Router\RouteCollection->group('', Array, Object(Closure))
#3 C:\xampp\htdocs\codeigniter_p1\vendor\codeigniter4\framework\system\CodeIgniter.php(706): require('C:\\xampp\\htdocs...')
#4 C:\xampp\htdocs\codeigniter_p1\vendor\codeigniter4\framework\system\CodeIgniter.php(361): CodeIgniter\CodeIgniter->tryToRouteIt(Object(CodeIgniter\Router\RouteCollection))
#5 C:\xampp\htdocs\codeigniter_p1\vendor\codeigniter4\framework\system\CodeIgniter.php(320): CodeIgniter\CodeIgniter->handleRequest(NULL, Object(Config\Cache), false)
#6 C:\xampp\htdocs\codeigniter_p1\public\index.php(37): CodeIgniter\CodeIgniter->run()
#7 C:\xampp\htdocs\codeigniter_p1\vendor\codeigniter4\framework\system\Commands\Server\rewrite.php(43): require_once('C:\\xampp\\htdocs...')
#8 {main}
CRITICAL - 2022-02-27 10:37:27 --> Undefined variable: get
#0 C:\xampp\htdocs\codeigniter_p1\app\Config\Routes.php(38): CodeIgniter\Debug\Exceptions->errorHandler(8, 'Undefined varia...', 'C:\\xampp\\htdocs...', 38, Array)
#1 C:\xampp\htdocs\codeigniter_p1\vendor\codeigniter4\framework\system\Router\RouteCollection.php(607): CodeIgniter\CodeIgniter->Config\{closure}(Object(CodeIgniter\Router\RouteCollection))
#2 C:\xampp\htdocs\codeigniter_p1\app\Config\Routes.php(39): CodeIgniter\Router\RouteCollection->group('', Array, Object(Closure))
#3 C:\xampp\htdocs\codeigniter_p1\vendor\codeigniter4\framework\system\CodeIgniter.php(706): require('C:\\xampp\\htdocs...')
#4 C:\xampp\htdocs\codeigniter_p1\vendor\codeigniter4\framework\system\CodeIgniter.php(361): CodeIgniter\CodeIgniter->tryToRouteIt(Object(CodeIgniter\Router\RouteCollection))
#5 C:\xampp\htdocs\codeigniter_p1\vendor\codeigniter4\framework\system\CodeIgniter.php(320): CodeIgniter\CodeIgniter->handleRequest(NULL, Object(Config\Cache), false)
#6 C:\xampp\htdocs\codeigniter_p1\public\index.php(37): CodeIgniter\CodeIgniter->run()
#7 C:\xampp\htdocs\codeigniter_p1\vendor\codeigniter4\framework\system\Commands\Server\rewrite.php(43): require_once('C:\\xampp\\htdocs...')
#8 {main}
CRITICAL - 2022-02-27 10:37:28 --> Undefined variable: get
#0 C:\xampp\htdocs\codeigniter_p1\app\Config\Routes.php(38): CodeIgniter\Debug\Exceptions->errorHandler(8, 'Undefined varia...', 'C:\\xampp\\htdocs...', 38, Array)
#1 C:\xampp\htdocs\codeigniter_p1\vendor\codeigniter4\framework\system\Router\RouteCollection.php(607): CodeIgniter\CodeIgniter->Config\{closure}(Object(CodeIgniter\Router\RouteCollection))
#2 C:\xampp\htdocs\codeigniter_p1\app\Config\Routes.php(39): CodeIgniter\Router\RouteCollection->group('', Array, Object(Closure))
#3 C:\xampp\htdocs\codeigniter_p1\vendor\codeigniter4\framework\system\CodeIgniter.php(706): require('C:\\xampp\\htdocs...')
#4 C:\xampp\htdocs\codeigniter_p1\vendor\codeigniter4\framework\system\CodeIgniter.php(361): CodeIgniter\CodeIgniter->tryToRouteIt(Object(CodeIgniter\Router\RouteCollection))
#5 C:\xampp\htdocs\codeigniter_p1\vendor\codeigniter4\framework\system\CodeIgniter.php(320): CodeIgniter\CodeIgniter->handleRequest(NULL, Object(Config\Cache), false)
#6 C:\xampp\htdocs\codeigniter_p1\public\index.php(37): CodeIgniter\CodeIgniter->run()
#7 C:\xampp\htdocs\codeigniter_p1\vendor\codeigniter4\framework\system\Commands\Server\rewrite.php(43): require_once('C:\\xampp\\htdocs...')
#8 {main}
CRITICAL - 2022-02-27 10:37:28 --> Undefined variable: get
#0 C:\xampp\htdocs\codeigniter_p1\app\Config\Routes.php(38): CodeIgniter\Debug\Exceptions->errorHandler(8, 'Undefined varia...', 'C:\\xampp\\htdocs...', 38, Array)
#1 C:\xampp\htdocs\codeigniter_p1\vendor\codeigniter4\framework\system\Router\RouteCollection.php(607): CodeIgniter\CodeIgniter->Config\{closure}(Object(CodeIgniter\Router\RouteCollection))
#2 C:\xampp\htdocs\codeigniter_p1\app\Config\Routes.php(39): CodeIgniter\Router\RouteCollection->group('', Array, Object(Closure))
#3 C:\xampp\htdocs\codeigniter_p1\vendor\codeigniter4\framework\system\CodeIgniter.php(706): require('C:\\xampp\\htdocs...')
#4 C:\xampp\htdocs\codeigniter_p1\vendor\codeigniter4\framework\system\CodeIgniter.php(361): CodeIgniter\CodeIgniter->tryToRouteIt(Object(CodeIgniter\Router\RouteCollection))
#5 C:\xampp\htdocs\codeigniter_p1\vendor\codeigniter4\framework\system\CodeIgniter.php(320): CodeIgniter\CodeIgniter->handleRequest(NULL, Object(Config\Cache), false)
#6 C:\xampp\htdocs\codeigniter_p1\public\index.php(37): CodeIgniter\CodeIgniter->run()
#7 C:\xampp\htdocs\codeigniter_p1\vendor\codeigniter4\framework\system\Commands\Server\rewrite.php(43): require_once('C:\\xampp\\htdocs...')
#8 {main}
